30-Nov-2024 11:17:51.365 INFO [main] org.apache.catalina.startup.VersionLoggerListener.log Server version name:   Apache Tomcat/9.0.97
30-Nov-2024 11:17:51.369 INFO [main] org.apache.catalina.startup.VersionLoggerListener.log Server built:          Nov 6 2024 19:55:19 UTC
30-Nov-2024 11:17:51.369 INFO [main] org.apache.catalina.startup.VersionLoggerListener.log Server version number: 9.0.97.0
30-Nov-2024 11:17:51.369 INFO [main] org.apache.catalina.startup.VersionLoggerListener.log OS Name:               Linux
30-Nov-2024 11:17:51.369 INFO [main] org.apache.catalina.startup.VersionLoggerListener.log OS Version:            6.8.0-49-generic
30-Nov-2024 11:17:51.369 INFO [main] org.apache.catalina.startup.VersionLoggerListener.log Architecture:          amd64
30-Nov-2024 11:17:51.370 INFO [main] org.apache.catalina.startup.VersionLoggerListener.log Java Home:             /usr/lib/jvm/java-17-openjdk-amd64
30-Nov-2024 11:17:51.370 INFO [main] org.apache.catalina.startup.VersionLoggerListener.log JVM Version:           17.0.13+11-Ubuntu-2ubuntu122.04
30-Nov-2024 11:17:51.370 INFO [main] org.apache.catalina.startup.VersionLoggerListener.log JVM Vendor:            Ubuntu
30-Nov-2024 11:17:51.370 INFO [main] org.apache.catalina.startup.VersionLoggerListener.log CATALINA_BASE:         /home/utsav/Desktop/NetBeansProjects/apache-tomcat-9.0.97
30-Nov-2024 11:17:51.370 INFO [main] org.apache.catalina.startup.VersionLoggerListener.log CATALINA_HOME:         /home/utsav/Desktop/NetBeansProjects/apache-tomcat-9.0.97
30-Nov-2024 11:17:51.381 INFO [main] org.apache.catalina.startup.VersionLoggerListener.log Command line argument: --add-opens=java.base/java.lang=ALL-UNNAMED
30-Nov-2024 11:17:51.381 INFO [main] org.apache.catalina.startup.VersionLoggerListener.log Command line argument: --add-opens=java.base/java.io=ALL-UNNAMED
30-Nov-2024 11:17:51.381 INFO [main] org.apache.catalina.startup.VersionLoggerListener.log Command line argument: --add-opens=java.base/java.util=ALL-UNNAMED
30-Nov-2024 11:17:51.381 INFO [main] org.apache.catalina.startup.VersionLoggerListener.log Command line argument: --add-opens=java.base/java.util.concurrent=ALL-UNNAMED
30-Nov-2024 11:17:51.381 INFO [main] org.apache.catalina.startup.VersionLoggerListener.log Command line argument: --add-opens=java.rmi/sun.rmi.transport=ALL-UNNAMED
30-Nov-2024 11:17:51.381 INFO [main] org.apache.catalina.startup.VersionLoggerListener.log Command line argument: -Djava.util.logging.config.file=/home/utsav/Desktop/NetBeansProjects/apache-tomcat-9.0.97/conf/logging.properties
30-Nov-2024 11:17:51.381 INFO [main] org.apache.catalina.startup.VersionLoggerListener.log Command line argument: -Djava.util.logging.manager=org.apache.juli.ClassLoaderLogManager
30-Nov-2024 11:17:51.381 INFO [main] org.apache.catalina.startup.VersionLoggerListener.log Command line argument: -Dhttp.nonProxyHosts=localhost|127.0.0.1|utsav-HP-Laptop-15s-fq4xxx
30-Nov-2024 11:17:51.381 INFO [main] org.apache.catalina.startup.VersionLoggerListener.log Command line argument: -Djdk.tls.ephemeralDHKeySize=2048
30-Nov-2024 11:17:51.382 INFO [main] org.apache.catalina.startup.VersionLoggerListener.log Command line argument: -Djava.protocol.handler.pkgs=org.apache.catalina.webresources
30-Nov-2024 11:17:51.382 INFO [main] org.apache.catalina.startup.VersionLoggerListener.log Command line argument: -Dorg.apache.catalina.security.SecurityListener.UMASK=0027
30-Nov-2024 11:17:51.382 INFO [main] org.apache.catalina.startup.VersionLoggerListener.log Command line argument: -Dignore.endorsed.dirs=
30-Nov-2024 11:17:51.382 INFO [main] org.apache.catalina.startup.VersionLoggerListener.log Command line argument: -Dcatalina.base=/home/utsav/Desktop/NetBeansProjects/apache-tomcat-9.0.97
30-Nov-2024 11:17:51.382 INFO [main] org.apache.catalina.startup.VersionLoggerListener.log Command line argument: -Dcatalina.home=/home/utsav/Desktop/NetBeansProjects/apache-tomcat-9.0.97
30-Nov-2024 11:17:51.382 INFO [main] org.apache.catalina.startup.VersionLoggerListener.log Command line argument: -Djava.io.tmpdir=/home/utsav/Desktop/NetBeansProjects/apache-tomcat-9.0.97/temp
30-Nov-2024 11:17:51.385 INFO [main] org.apache.catalina.core.AprLifecycleListener.lifecycleEvent The Apache Tomcat Native library which allows using OpenSSL was not found on the java.library.path: [/usr/java/packages/lib:/usr/lib/x86_64-linux-gnu/jni:/lib/x86_64-linux-gnu:/usr/lib/x86_64-linux-gnu:/usr/lib/jni:/lib:/usr/lib]
30-Nov-2024 11:17:51.638 INFO [main] org.apache.coyote.AbstractProtocol.init Initializing ProtocolHandler ["http-nio-8080"]
30-Nov-2024 11:17:51.658 INFO [main] org.apache.catalina.startup.Catalina.load Server initialization in [552] milliseconds
30-Nov-2024 11:17:51.700 INFO [main] org.apache.catalina.core.StandardService.startInternal Starting service [Catalina]
30-Nov-2024 11:17:51.700 INFO [main] org.apache.catalina.core.StandardEngine.startInternal Starting Servlet engine: [Apache Tomcat/9.0.97]
30-Nov-2024 11:17:51.706 INFO [main] org.apache.catalina.startup.HostConfig.deployDescriptor Deploying deployment descriptor [/home/utsav/Desktop/NetBeansProjects/apache-tomcat-9.0.97/conf/Catalina/localhost/FileUpload.xml]
30-Nov-2024 11:17:51.722 WARNING [main] org.apache.catalina.startup.HostConfig.deployDescriptor The path attribute with value [/FileUpload] in deployment descriptor [/home/utsav/Desktop/NetBeansProjects/apache-tomcat-9.0.97/conf/Catalina/localhost/FileUpload.xml] has been ignored
30-Nov-2024 11:17:51.929 INFO [main] org.apache.catalina.startup.HostConfig.deployDescriptor Deployment of deployment descriptor [/home/utsav/Desktop/NetBeansProjects/apache-tomcat-9.0.97/conf/Catalina/localhost/FileUpload.xml] has finished in [222] ms
30-Nov-2024 11:17:51.929 INFO [main] org.apache.catalina.startup.HostConfig.deployDirectory Deploying web application directory [/home/utsav/Desktop/NetBeansProjects/apache-tomcat-9.0.97/webapps/docs]
30-Nov-2024 11:17:51.944 INFO [main] org.apache.catalina.startup.HostConfig.deployDirectory Deployment of web application directory [/home/utsav/Desktop/NetBeansProjects/apache-tomcat-9.0.97/webapps/docs] has finished in [15] ms
30-Nov-2024 11:17:51.944 INFO [main] org.apache.catalina.startup.HostConfig.deployDirectory Deploying web application directory [/home/utsav/Desktop/NetBeansProjects/apache-tomcat-9.0.97/webapps/ROOT]
30-Nov-2024 11:17:51.956 INFO [main] org.apache.catalina.startup.HostConfig.deployDirectory Deployment of web application directory [/home/utsav/Desktop/NetBeansProjects/apache-tomcat-9.0.97/webapps/ROOT] has finished in [12] ms
30-Nov-2024 11:17:51.957 INFO [main] org.apache.catalina.startup.HostConfig.deployDirectory Deploying web application directory [/home/utsav/Desktop/NetBeansProjects/apache-tomcat-9.0.97/webapps/host-manager]
30-Nov-2024 11:17:51.985 INFO [main] org.apache.catalina.startup.HostConfig.deployDirectory Deployment of web application directory [/home/utsav/Desktop/NetBeansProjects/apache-tomcat-9.0.97/webapps/host-manager] has finished in [28] ms
30-Nov-2024 11:17:51.985 INFO [main] org.apache.catalina.startup.HostConfig.deployDirectory Deploying web application directory [/home/utsav/Desktop/NetBeansProjects/apache-tomcat-9.0.97/webapps/manager]
30-Nov-2024 11:17:52.004 INFO [main] org.apache.catalina.startup.HostConfig.deployDirectory Deployment of web application directory [/home/utsav/Desktop/NetBeansProjects/apache-tomcat-9.0.97/webapps/manager] has finished in [18] ms
30-Nov-2024 11:17:52.004 INFO [main] org.apache.catalina.startup.HostConfig.deployDirectory Deploying web application directory [/home/utsav/Desktop/NetBeansProjects/apache-tomcat-9.0.97/webapps/examples]
30-Nov-2024 11:17:52.167 INFO [main] org.apache.catalina.startup.HostConfig.deployDirectory Deployment of web application directory [/home/utsav/Desktop/NetBeansProjects/apache-tomcat-9.0.97/webapps/examples] has finished in [163] ms
30-Nov-2024 11:17:52.170 INFO [main] org.apache.coyote.AbstractProtocol.start Starting ProtocolHandler ["http-nio-8080"]
30-Nov-2024 11:17:52.179 INFO [main] org.apache.catalina.startup.Catalina.start Server startup in [520] milliseconds
30-Nov-2024 11:17:54.550 INFO [http-nio-8080-exec-8] org.apache.catalina.startup.HostConfig.deployDescriptor Deploying deployment descriptor [/home/utsav/Desktop/NetBeansProjects/apache-tomcat-9.0.97/conf/Catalina/localhost/ValidationExample.xml]
30-Nov-2024 11:17:54.551 WARNING [http-nio-8080-exec-8] org.apache.catalina.startup.HostConfig.deployDescriptor The path attribute with value [/ValidationExample] in deployment descriptor [/home/utsav/Desktop/NetBeansProjects/apache-tomcat-9.0.97/conf/Catalina/localhost/ValidationExample.xml] has been ignored
30-Nov-2024 11:17:54.567 INFO [http-nio-8080-exec-8] org.apache.catalina.startup.HostConfig.deployDescriptor Deployment of deployment descriptor [/home/utsav/Desktop/NetBeansProjects/apache-tomcat-9.0.97/conf/Catalina/localhost/ValidationExample.xml] has finished in [16] ms
30-Nov-2024 11:17:54.571 INFO [http-nio-8080-exec-10] org.apache.catalina.util.LifecycleBase.start The start() method was called on component [StandardEngine[Catalina].StandardHost[localhost].StandardContext[/ValidationExample]] after start() had already been called. The second call will be ignored.
30-Nov-2024 11:31:53.579 INFO [main] org.apache.catalina.core.StandardServer.await A valid shutdown command was received via the shutdown port. Stopping the Server instance.
30-Nov-2024 11:31:53.580 INFO [main] org.apache.coyote.AbstractProtocol.pause Pausing ProtocolHandler ["http-nio-8080"]
30-Nov-2024 11:31:53.582 INFO [main] org.apache.catalina.core.StandardService.stopInternal Stopping service [Catalina]
30-Nov-2024 11:31:53.599 INFO [main] org.apache.coyote.AbstractProtocol.stop Stopping ProtocolHandler ["http-nio-8080"]
30-Nov-2024 11:31:53.605 INFO [main] org.apache.coyote.AbstractProtocol.destroy Destroying ProtocolHandler ["http-nio-8080"]
